C51 COMPILER V9.01   PUBLIC                                                                04/24/2023 19:50:45 PAGE 1   


C51 COMPILER V9.01, COMPILATION OF MODULE PUBLIC
OBJECT MODULE PLACED IN .\public.obj
COMPILER INVOKED BY: D:\C51\BIN\C51.EXE ..\Public\public.c BROWSE INCDIR(..\..\demos) DEBUG OBJECTEXTEND PRINT(.\public.
                    -lst) OBJECT(.\public.obj)

line level    source

   1          #include<reg52.h>
   2          #include"public.h"
   3          unsigned char T0RH;
   4          unsigned char T0RL;
   5          void ConfigTimer0(unsigned int ms)//定时器0
   6          {
   7   1              unsigned long tmp;
   8   1              tmp = 11059200/12;
   9   1              tmp = (tmp * ms)/1000;
  10   1              tmp = 65536-tmp;
  11   1              T0RH = (unsigned char)(tmp>>8);
  12   1              T0RL = (unsigned char)tmp;
  13   1              TMOD = TMOD & 0xF0;
  14   1              TMOD = TMOD | 0x01;
  15   1              TH0 = T0RH;
  16   1              TL0 = T0RL;
  17   1              ET0 = 1;
  18   1              TR0 = 1;
  19   1      }
  20          void ResetTimer0()//定时器0重载
  21          {
  22   1              TH0 = T0RH;
  23   1              TL0 = T0RL;
  24   1      }
  25          void ConfigTimer1()//定时器1
  26          {
  27   1              TMOD = TMOD & 0x0F;
  28   1              TMOD = TMOD | 0x10;
  29   1              TH1 = 0xFB;
  30   1              TL1 = 0xAE;
  31   1              TF1 = 0;
  32   1              TR1 = 1;
  33   1              ET1 = 1;
  34   1              EA = 1;
  35   1      }
  36          void ResetTimer1()//定时器1重载
  37          {
  38   1              TH1 = 0xFB;
  39   1              TL1 = 0xAE;
  40   1      }
  41          void Delay(unsigned int i){
  42   1              while(i--);     
  43   1      }


MODULE INFORMATION:   STATIC OVERLAYABLE
   CODE SIZE        =    146    ----
   CONSTANT SIZE    =   ----    ----
   XDATA SIZE       =   ----    ----
   PDATA SIZE       =   ----    ----
   DATA SIZE        =      2       4
   IDATA SIZE       =   ----    ----
   BIT SIZE         =   ----    ----
END OF MODULE INFORMATION.

C51 COMPILER V9.01   PUBLIC                                                                04/24/2023 19:50:45 PAGE 2   


C51 COMPILATION COMPLETE.  0 WARNING(S),  0 ERROR(S)
