C51 COMPILER V9.01   DEMO2                                                                 03/30/2023 15:47:09 PAGE 1   


C51 COMPILER V9.01, COMPILATION OF MODULE DEMO2
OBJECT MODULE PLACED IN demo2.OBJ
COMPILER INVOKED BY: D:\C51\BIN\C51.EXE demo2.c BROWSE DEBUG OBJECTEXTEND

line level    source

   1          #include <reg51.h>                              // special function register declarations
   2          #include<absacc.h>
   3          
   4          void init_timer0();
   5          void init_special_interrupts();
   6          
   7          unsigned char        dspbuf[4]={0x41,0x3b,0x6b,0x4d},sel=0;
   8          unsigned int         clocktime=0,adcount=0;
   9          
  10          sbit D_SER     = P1^0;
  11          sbit D_SRCLK   = P1^1;
  12          sbit D_RCLK    = P1^2;
  13          //---------------------------------------------------------------------------------------
  14          void init_timer0(void)              //  定时器0初始
  15            {
  16   1        TMOD &= 0XF0;
  17   1        TMOD |= 0X02;
  18   1        TL0 = 0X06;
  19   1        TH0 = 0X06;
  20   1        TR0 = 1;
  21   1        ET0 = 1;
  22   1        }
  23          //---------------------------------------------------------------------------------------
  24          void init_special_interrupts(void)   //  中断设置
  25            {
  26   1        EX0 = 0;
  27   1        ET0 = 1;
  28   1        EX1 = 0;
  29   1        ET1 = 0;
  30   1        ES  = 1;
  31   1        EA  = 1;
  32   1        PT0 = 0;
  33   1        PX1 = 1;
  34   1        PS  = 0;
  35   1        }
  36          //---------------------------------------------------------------------------------------
  37          void dsptask()
  38            {
  39   1        unsigned char i;
  40   1        unsigned char a,b;
  41   1        switch(sel)
  42   1         {
  43   2         case 0:  a=0x01;  break;
  44   2         case 1:  a=0x02;  break;
  45   2         case 2:  a=0x04;  break;
  46   2         default: a=0x08;
  47   2         }
  48   1       for(b=0x80,i=0;i<8;i++)
  49   1          {
  50   2          if(a&b)  D_SER=1;
  51   2          else     D_SER=0;
  52   2          D_SRCLK=0;
  53   2          D_SRCLK=1;
  54   2          D_SRCLK=0;
  55   2          b=b>>1;  //b=b&0x7f;
C51 COMPILER V9.01   DEMO2                                                                 03/30/2023 15:47:09 PAGE 2   

  56   2          }
  57   1        a=dspbuf[sel];
  58   1        sel++;
  59   1        if(sel>=4) sel=0;
  60   1        for(b=0x80,i=0;i<8;i++)
  61   1          {
  62   2          if(a&b)  D_SER=1;
  63   2          else     D_SER=0;
  64   2          D_SRCLK=0;
  65   2          D_SRCLK=1;
  66   2          D_SRCLK=0;
  67   2          b=b>>1;  //b=b&0x7fff;
  68   2          }
  69   1        D_RCLK=0;
  70   1        D_RCLK=1;
  71   1        D_RCLK=0;
  72   1        }
  73          //--------------------------------------
  74          void timer_isr() interrupt 1           //定时器0中断处理
  75            {
  76   1        EA=0;
  77   1      
  78   1        adcount++;
  79   1        if(adcount==20)                      // 1/4*20 = 5ms
  80   1          {
  81   2          adcount=0;
  82   2          dsptask();
  83   2          clocktime++;
  84   2          }
  85   1        EA=1;
  86   1        }
  87          //---------------------------------------------------------------------------------------
  88          fdisp(int n)
  89            {
  90   1        char  c;
  91   1       
  92   1        switch(n)
  93   1          {
  94   2          case 0:  c=0x11;  break;
  95   2          case 1:  c=0x7d;  break;
  96   2          case 2:  c=0x23;  break;
  97   2          case 3:  c=0x29;  break;
  98   2          case 4:  c=0x4d;  break;
  99   2          case 5:  c=0x89;  break;
 100   2          case 6:  c=0x81;  break;
 101   2          case 7:  c=0x3d;  break;
 102   2          case 8:  c=0x01;  break;
 103   2          default: c=0x09; 
 104   2          }
 105   1        dspbuf[0]=dspbuf[1];
 106   1        dspbuf[1]=dspbuf[2];
 107   1        dspbuf[2]=dspbuf[3];
 108   1        dspbuf[3]=c;
 109   1        }
 110          //-------------------------------
 111          void main(void)                    // 主函数
 112            {
 113   1        unsigned char a=0;
 114   1        init_timer0();                  //初始化定时器0
 115   1        init_special_interrupts();      //设置中断
 116   1        for(;;)
 117   1          { 
C51 COMPILER V9.01   DEMO2                                                                 03/30/2023 15:47:09 PAGE 3   

 118   2          if(clocktime>=100)                //5ms x 200 = 1s
 119   2             {clocktime=0;
 120   3              fdisp(a); 
 121   3              a++;
 122   3              if(a==10)  a=0;
 123   3                      }
 124   2              }
 125   1        }
 126          //-----------------------------------End------------------------------------------------
 127          
*** WARNING C290 IN LINE 109 OF DEMO2.C: missing return value


MODULE INFORMATION:   STATIC OVERLAYABLE
   CODE SIZE        =    337    ----
   CONSTANT SIZE    =   ----    ----
   XDATA SIZE       =   ----    ----
   PDATA SIZE       =   ----    ----
   DATA SIZE        =      9    ----
   IDATA SIZE       =   ----    ----
   BIT SIZE         =   ----    ----
END OF MODULE INFORMATION.


C51 COMPILATION COMPLETE.  1 WARNING(S),  0 ERROR(S)
